SF:lib\shared\api\enpoint\transactions_endpoint_imp.dart
DA:9,1
DA:13,1
DA:15,3
DA:18,1
DA:20,2
LF:5
LH:5
end_of_record
SF:lib\transactions\models\transaction_view_data.dart
DA:15,1
LF:1
LH:1
end_of_record
SF:lib\l10n\transactions_strings.dart
DA:62,3
DA:66,1
DA:67,1
DA:186,1
DA:188,1
DA:190,2
DA:193,1
DA:194,3
DA:196,0
DA:200,1
DA:204,1
DA:205,2
DA:208,0
LF:13
LH:11
end_of_record
SF:lib\routes\app_routes.dart
DA:5,0
DA:6,0
DA:7,0
DA:8,0
LF:4
LH:0
end_of_record
SF:lib\transactions\providers\list_all_transactions_provider.dart
DA:7,3
DA:8,0
LF:2
LH:1
end_of_record
SF:lib\transactions\view\transactions_page.dart
DA:5,2
DA:9,0
DA:10,0
DA:11,0
DA:17,1
LF:5
LH:2
end_of_record
SF:lib\transactions\view\widgets\bottom_sheet_transaction_info.dart
DA:12,1
DA:15,1
DA:19,1
DA:21,1
DA:22,1
DA:23,1
DA:24,1
DA:25,1
DA:27,1
DA:28,1
DA:29,2
DA:30,2
DA:32,1
DA:33,3
DA:34,4
DA:35,5
DA:37,3
DA:41,4
DA:42,1
DA:44,1
DA:45,1
DA:46,1
DA:47,3
DA:48,3
DA:51,1
DA:52,1
DA:53,4
DA:57,1
DA:58,1
DA:59,3
DA:65,4
DA:66,1
DA:68,1
DA:69,1
DA:70,1
DA:71,3
DA:72,3
DA:75,1
DA:76,1
DA:77,2
DA:78,2
DA:83,1
DA:84,1
DA:85,3
LF:44
LH:44
end_of_record
SF:lib\transactions\view\widgets\header_stack.dart
DA:7,1
DA:9,0
DA:11,1
DA:13,1
LF:4
LH:3
end_of_record
SF:lib\transactions\view\widgets\list_transactions.dart
DA:17,1
DA:19,0
DA:21,1
DA:25,1
DA:26,0
DA:27,0
DA:28,0
DA:29,0
DA:31,0
DA:39,1
DA:43,1
DA:44,0
DA:45,0
DA:46,0
DA:47,0
DA:55,1
DA:58,3
DA:59,2
DA:60,2
DA:62,1
DA:63,1
DA:65,1
DA:66,1
DA:68,1
DA:69,1
DA:70,1
DA:71,1
DA:79,1
DA:82,1
DA:86,1
DA:89,2
DA:91,1
DA:92,1
DA:93,1
DA:94,3
DA:96,1
DA:97,1
DA:98,2
DA:99,2
DA:101,1
DA:102,2
DA:103,2
DA:104,2
DA:106,2
DA:108,1
DA:109,1
DA:110,3
DA:113,2
DA:115,1
DA:116,3
DA:117,4
DA:118,5
DA:120,3
DA:122,1
DA:123,1
DA:125,1
DA:126,1
DA:127,1
LF:58
LH:48
end_of_record
SF:lib\transactions\view\widgets\transactions_filter.dart
DA:14,1
DA:16,0
DA:18,1
DA:19,1
DA:23,1
DA:26,2
DA:27,4
DA:29,1
DA:31,2
DA:32,1
DA:33,2
DA:34,1
DA:35,3
DA:37,1
DA:39,4
DA:41,1
DA:45,0
DA:46,0
DA:53,1
DA:55,0
DA:57,1
DA:58,1
DA:65,1
DA:68,2
DA:70,4
DA:71,4
DA:73,1
DA:74,2
DA:75,1
DA:76,2
DA:77,1
DA:78,1
DA:79,3
DA:80,3
DA:82,1
DA:84,1
DA:85,1
DA:86,2
DA:87,2
DA:89,1
DA:93,2
DA:94,1
DA:95,0
DA:96,0
DA:100,1
DA:101,2
DA:102,2
DA:104,1
DA:106,1
DA:107,0
DA:108,0
DA:109,0
DA:115,1
DA:117,1
DA:118,2
DA:119,0
DA:120,0
DA:131,1
DA:136,2
DA:137,2
DA:139,1
DA:140,2
DA:141,1
DA:142,1
DA:145,1
LF:65
LH:54
end_of_record
SF:lib\l10n\transactions_strings_pt.dart
DA:5,2
DA:7,1
DA:10,1
DA:13,1
DA:16,1
DA:19,1
DA:22,1
DA:25,1
DA:28,1
DA:31,1
DA:33,1
DA:36,0
DA:39,1
DA:42,1
DA:45,1
DA:48,1
DA:51,1
LF:17
LH:16
end_of_record
SF:lib\shared\api\providers\base_url_provider.dart
DA:4,0
DA:5,0
LF:2
LH:0
end_of_record
SF:lib\shared\api\providers\dio_provider.dart
DA:7,0
DA:8,0
DA:9,0
DA:10,0
DA:11,0
LF:5
LH:0
end_of_record
SF:lib\shared\api\response\get_one_transaction_response.dart
DA:11,0
DA:15,0
DA:16,0
DA:18,0
LF:4
LH:0
end_of_record
SF:lib\shared\api\response\get_one_transaction_response.g.dart
DA:9,0
DA:11,0
DA:12,0
DA:13,0
DA:14,0
DA:17,0
DA:19,0
DA:20,0
LF:8
LH:0
end_of_record
SF:lib\shared\api\response\transaction_response.dart
DA:17,0
DA:28,0
DA:29,0
DA:31,0
LF:4
LH:0
end_of_record
SF:lib\shared\api\response\transaction_response.g.dart
DA:9,0
DA:10,0
DA:11,0
DA:12,0
DA:13,0
DA:14,0
DA:15,0
DA:16,0
DA:17,0
DA:18,0
DA:21,0
DA:23,0
DA:24,0
DA:25,0
DA:26,0
DA:27,0
DA:28,0
DA:29,0
DA:30,0
DA:31,0
LF:20
LH:0
end_of_record
SF:lib\shared\api\response\list_all_transactions_response.dart
DA:11,0
DA:15,0
DA:16,0
DA:18,0
LF:4
LH:0
end_of_record
SF:lib\shared\api\response\list_all_transactions_response.g.dart
DA:9,0
DA:11,0
DA:12,0
DA:13,0
DA:14,0
DA:17,0
DA:19,0
DA:20,0
LF:8
LH:0
end_of_record
SF:lib\shared\utils\chip_type_selector.dart
DA:5,3
DA:11,1
DA:12,2
LF:3
LH:3
end_of_record
SF:lib\shared\utils\formaters.dart
DA:8,1
DA:9,1
DA:10,2
DA:11,1
LF:4
LH:4
end_of_record
SF:lib\transactions\mappers\get_one_transaction_mapper.dart
DA:6,0
DA:7,0
DA:8,0
DA:9,0
DA:10,0
DA:11,0
DA:12,0
DA:13,0
DA:14,0
DA:15,0
DA:16,0
DA:17,0
DA:20,0
LF:13
LH:0
end_of_record
SF:lib\transactions\mappers\list_all_transactions_mapper.dart
DA:5,0
DA:6,0
DA:7,0
DA:8,0
DA:9,0
DA:10,0
DA:11,0
DA:12,0
DA:13,0
DA:14,0
DA:15,0
DA:16,0
DA:18,0
LF:13
LH:0
end_of_record
SF:lib\transactions\providers\filter_list_provider.dart
DA:6,2
DA:7,1
DA:8,2
DA:12,2
DA:16,0
DA:17,0
DA:18,0
DA:19,0
DA:23,0
DA:24,0
DA:25,0
DA:26,0
DA:30,1
DA:31,2
LF:14
LH:6
end_of_record
SF:lib\transactions\providers\transactions_providers.dart
DA:9,0
DA:10,0
DA:11,0
DA:15,0
DA:16,0
DA:17,0
DA:18,0
DA:23,0
DA:24,0
DA:25,0
DA:26,0
LF:11
LH:0
end_of_record
SF:lib\transactions\providers\text_filter_provider.dart
DA:4,4
LF:1
LH:1
end_of_record
SF:lib\transactions\repository\transactions_repository_imp.dart
DA:9,0
DA:11,0
DA:13,0
DA:14,0
DA:17,0
DA:19,0
DA:21,0
LF:7
LH:0
end_of_record
SF:lib\transactions\usecase\transactions_usecase_imp.dart
DA:9,0
DA:11,0
DA:13,0
DA:14,0
DA:17,0
DA:19,0
DA:21,0
LF:7
LH:0
end_of_record
SF:lib\transactions\view\transactions_screen.dart
DA:13,1
DA:15,1
DA:17,2
DA:19,2
DA:21,1
DA:22,4
DA:23,1
DA:24,1
DA:25,1
DA:26,1
DA:33,1
DA:35,0
DA:37,1
DA:39,1
DA:40,3
DA:42,2
DA:43,2
LF:17
LH:16
end_of_record
SF:lib\transactions\view\widgets\transactions_body.dart
DA:12,1
DA:14,0
DA:16,1
DA:18,1
DA:29,1
DA:31,0
DA:33,1
DA:36,2
DA:38,1
DA:39,1
DA:40,2
DA:41,2
LF:12
LH:10
end_of_record
SF:lib\transactions\view\widgets\header_container.dart
DA:7,1
DA:9,0
DA:11,1
DA:14,2
DA:16,1
DA:17,1
DA:18,3
DA:19,3
DA:20,3
DA:21,3
DA:23,3
DA:33,1
DA:35,0
DA:37,1
DA:40,2
DA:42,1
DA:44,1
DA:45,1
DA:46,2
DA:47,3
DA:48,3
DA:51,1
DA:52,2
DA:53,3
DA:54,3
DA:63,1
DA:65,0
DA:67,1
DA:70,2
DA:72,1
DA:75,1
DA:76,3
DA:77,1
DA:78,4
DA:79,4
DA:80,4
DA:83,1
DA:85,1
DA:86,2
DA:87,3
LF:40
LH:37
end_of_record
SF:lib\transactions\view\widgets\transactions_info_container.dart
DA:9,1
DA:11,0
DA:13,1
DA:16,2
DA:18,1
DA:19,1
DA:20,4
DA:21,4
DA:22,1
DA:23,1
DA:24,3
DA:26,4
DA:30,1
DA:31,3
DA:32,3
DA:33,3
DA:34,3
DA:38,4
DA:39,1
DA:41,1
DA:43,1
DA:45,4
DA:55,1
DA:57,0
DA:59,1
DA:62,2
DA:63,4
DA:65,1
DA:66,1
DA:67,1
DA:68,3
DA:69,2
DA:70,1
DA:71,1
DA:73,3
DA:74,3
DA:78,1
DA:79,3
DA:80,2
DA:89,1
DA:91,0
DA:93,1
DA:96,2
DA:98,1
DA:99,1
DA:100,2
DA:103,4
LF:47
LH:44
end_of_record
