SF:lib\routes\app_routes.dart
DA:5,0
DA:6,0
DA:7,0
DA:8,0
LF:4
LH:0
end_of_record
SF:lib\transactions\models\transaction_view_data.dart
DA:15,1
LF:1
LH:1
end_of_record
SF:lib\transactions\providers\list_all_transactions_provider.dart
DA:7,3
DA:8,4
LF:2
LH:2
end_of_record
SF:lib\transactions\view\transactions_page.dart
DA:5,2
DA:9,0
DA:10,0
DA:11,0
DA:17,1
LF:5
LH:2
end_of_record
SF:lib\transactions\view\widgets\header_stack.dart
DA:7,1
DA:10,1
DA:14,1
DA:16,1
DA:17,1
DA:19,2
LF:6
LH:6
end_of_record
SF:lib\transactions\view\widgets\list_transactions.dart
DA:10,1
DA:13,1
DA:17,1
DA:19,1
DA:20,1
DA:22,2
DA:23,1
DA:24,2
DA:25,1
DA:33,1
DA:36,1
DA:40,1
DA:43,2
DA:45,1
DA:46,1
DA:47,1
DA:48,3
DA:50,1
DA:51,1
DA:52,2
DA:53,2
DA:55,1
DA:56,5
DA:57,2
DA:59,1
DA:60,1
DA:61,3
DA:63,2
DA:65,1
DA:66,3
DA:67,4
DA:68,5
DA:70,3
DA:72,3
DA:74,3
LF:35
LH:35
end_of_record
SF:lib\shared\fakeApi\enpoint\transactions_endpoint_imp.dart
DA:7,0
DA:9,0
DA:10,0
DA:11,0
DA:24,1
DA:26,1
DA:27,1
DA:28,1
DA:29,1
DA:39,1
DA:49,1
LF:11
LH:7
end_of_record
SF:lib\shared\fakeApi\response\get_one_transaction_response.dart
DA:11,0
DA:15,0
DA:16,0
DA:18,0
LF:4
LH:0
end_of_record
SF:lib\shared\fakeApi\response\get_one_transaction_response.g.dart
DA:9,0
DA:11,0
DA:12,0
DA:13,0
DA:16,0
DA:18,0
DA:19,0
LF:7
LH:0
end_of_record
SF:lib\shared\fakeApi\response\transaction_response.dart
DA:17,1
DA:28,1
DA:29,1
DA:31,0
LF:4
LH:3
end_of_record
SF:lib\shared\fakeApi\response\transaction_response.g.dart
DA:9,1
DA:10,1
DA:11,1
DA:12,1
DA:13,1
DA:14,1
DA:15,3
DA:16,2
DA:17,1
DA:18,1
DA:21,0
DA:23,0
DA:24,0
DA:25,0
DA:26,0
DA:27,0
DA:28,0
DA:29,0
DA:30,0
DA:31,0
LF:20
LH:10
end_of_record
SF:lib\shared\fakeApi\response\list_all_transactions_response.dart
DA:10,1
DA:14,0
DA:15,0
DA:17,0
LF:4
LH:1
end_of_record
SF:lib\shared\fakeApi\response\list_all_transactions_response.g.dart
DA:9,0
DA:11,0
DA:12,0
DA:13,0
DA:14,0
DA:17,0
DA:19,0
DA:20,0
LF:8
LH:0
end_of_record
SF:lib\shared\fakeApi\utils\formaters.dart
DA:6,1
DA:7,2
LF:2
LH:2
end_of_record
SF:lib\transactions\mappers\get_one_transaction_mapper.dart
DA:5,0
DA:6,0
DA:7,0
DA:8,0
DA:9,0
DA:10,0
DA:11,0
DA:12,0
DA:13,0
DA:14,0
LF:10
LH:0
end_of_record
SF:lib\transactions\mappers\list_all_transactions_mapper.dart
DA:6,1
DA:7,1
DA:8,1
DA:9,2
DA:10,1
DA:11,1
DA:12,1
DA:13,1
DA:14,1
DA:15,1
DA:16,1
DA:17,1
DA:19,1
LF:13
LH:13
end_of_record
SF:lib\transactions\providers\transactions_providers.dart
DA:8,3
DA:9,2
DA:12,3
DA:13,2
DA:14,1
DA:15,1
DA:20,3
DA:21,2
DA:22,1
DA:23,1
LF:10
LH:10
end_of_record
SF:lib\transactions\repository\transactions_repository_imp.dart
DA:10,1
DA:12,0
DA:14,0
DA:15,0
DA:18,1
DA:20,2
DA:22,1
DA:23,1
DA:24,1
DA:25,1
DA:26,2
DA:28,1
LF:12
LH:9
end_of_record
SF:lib\transactions\usecase\transactions_usecase_imp.dart
DA:9,1
DA:11,0
DA:13,0
DA:14,0
DA:17,1
DA:19,2
DA:21,1
LF:7
LH:4
end_of_record
SF:lib\transactions\view\transactions_screen.dart
DA:12,1
DA:14,1
DA:16,2
DA:18,2
DA:20,1
DA:21,4
DA:22,1
DA:23,1
DA:24,1
DA:26,1
DA:29,1
DA:36,1
DA:38,0
DA:40,1
DA:42,1
DA:43,3
LF:16
LH:15
end_of_record
SF:lib\transactions\view\widgets\transactions_body.dart
DA:11,1
DA:14,1
DA:18,1
DA:20,1
DA:21,1
DA:22,3
DA:24,2
DA:31,1
DA:33,0
DA:35,1
DA:38,2
DA:40,1
DA:41,1
DA:43,2
DA:45,1
DA:47,0
LF:16
LH:14
end_of_record
SF:lib\transactions\view\widgets\header_container.dart
DA:6,1
DA:8,0
DA:10,1
DA:13,2
DA:15,1
DA:16,1
DA:17,3
DA:18,3
DA:19,3
DA:20,3
DA:22,3
DA:32,1
DA:34,0
DA:36,1
DA:39,2
DA:41,1
DA:43,1
DA:44,1
DA:46,3
DA:47,3
DA:50,1
DA:52,3
DA:53,3
DA:62,1
DA:64,0
DA:66,1
DA:69,2
DA:71,1
DA:74,1
DA:75,4
DA:76,1
DA:77,4
DA:78,4
DA:79,4
DA:82,1
DA:84,1
DA:85,2
DA:86,4
LF:38
LH:35
end_of_record
SF:lib\transactions\view\widgets\transactions_info_container.dart
DA:6,1
DA:9,1
DA:13,1
DA:16,2
DA:18,1
DA:19,1
DA:20,4
DA:21,4
DA:22,1
DA:23,1
DA:24,3
DA:26,4
DA:30,1
DA:31,3
DA:32,3
DA:33,3
DA:34,3
DA:38,4
DA:39,1
DA:41,1
DA:43,1
DA:45,4
DA:47,2
DA:55,1
DA:58,1
DA:62,1
DA:65,2
DA:67,1
DA:68,1
DA:69,1
DA:71,2
DA:72,1
DA:73,1
DA:74,2
DA:75,3
DA:79,1
DA:81,2
DA:90,1
DA:92,0
DA:94,1
DA:97,2
DA:99,1
DA:100,1
DA:101,2
DA:104,4
LF:45
LH:44
end_of_record
